<?xml version="1.0" encoding="UTF-8"?><testsuites errors="0" failures="0" skipped="0" tests="3" time="0.22196699999039993"><testsuite errors="0" failures="0" name="registry model example.dynamic logic" skipped="0" tests="3" time="0.22196699999039993"><testcase name="prop_Registry" time="0.10527000000001863"/><testcase name="canRegister" time="0.11569000000599772"/><testcase name="canRegisterNoUnregister" time="1.006999984383583e-3"/></testsuite></testsuites>